<?xml version="1.0" encoding="UTF-8"?>
<testng-results ignored="0" total="6" passed="5" failed="0" skipped="1">
  <reporter-output>
  </reporter-output>
  <suite started-at="2022-09-20T17:49:36 CDT" name="DSAlgo Application Test Automation Testt Suite" finished-at="2022-09-20T17:49:57 CDT" duration-ms="21731">
    <groups>
    </groups>
    <test started-at="2022-09-20T17:49:36 CDT" name="DSAlgo Application Test Cases" finished-at="2022-09-20T17:49:57 CDT" duration-ms="21731">
      <class name="com.DsAlgo.testcases.DataStructurePageTest">
        <test-method is-config="true" signature="setUp()[pri:0, instance:com.DsAlgo.testcases.DataStructurePageTest@1433046b]" started-at="2022-09-20T17:49:41 CDT" name="setUp" finished-at="2022-09-20T17:49:45 CDT" duration-ms="3454" status="PASS">
          <reporter-output>
          </reporter-output>
        </test-method> <!-- setUp -->
        <test-method signature="GetStarted()[pri:1, instance:com.DsAlgo.testcases.DataStructurePageTest@1433046b]" started-at="2022-09-20T17:49:45 CDT" name="GetStarted" finished-at="2022-09-20T17:49:45 CDT" duration-ms="284" status="PASS">
          <reporter-output>
          </reporter-output>
        </test-method> <!-- GetStarted -->
        <test-method is-config="true" signature="tearDown()[pri:0, instance:com.DsAlgo.testcases.DataStructurePageTest@1433046b]" started-at="2022-09-20T17:49:45 CDT" name="tearDown" finished-at="2022-09-20T17:49:45 CDT" duration-ms="2" status="PASS">
          <reporter-output>
          </reporter-output>
        </test-method> <!-- tearDown -->
        <test-method signature="TimeComplexity()[pri:2, instance:com.DsAlgo.testcases.DataStructurePageTest@1433046b]" started-at="2022-09-20T17:49:45 CDT" name="TimeComplexity" finished-at="2022-09-20T17:49:47 CDT" duration-ms="2313" status="PASS">
          <reporter-output>
          </reporter-output>
        </test-method> <!-- TimeComplexity -->
        <test-method is-config="true" signature="tearDown()[pri:0, instance:com.DsAlgo.testcases.DataStructurePageTest@1433046b]" started-at="2022-09-20T17:49:47 CDT" name="tearDown" finished-at="2022-09-20T17:49:47 CDT" duration-ms="1" status="PASS">
          <reporter-output>
          </reporter-output>
        </test-method> <!-- tearDown -->
        <test-method signature="PracticeQuestions()[pri:3, instance:com.DsAlgo.testcases.DataStructurePageTest@1433046b]" started-at="2022-09-20T17:49:47 CDT" name="PracticeQuestions" finished-at="2022-09-20T17:49:52 CDT" duration-ms="4246" status="PASS">
          <reporter-output>
          </reporter-output>
        </test-method> <!-- PracticeQuestions -->
        <test-method is-config="true" signature="tearDown()[pri:0, instance:com.DsAlgo.testcases.DataStructurePageTest@1433046b]" started-at="2022-09-20T17:49:52 CDT" name="tearDown" finished-at="2022-09-20T17:49:52 CDT" duration-ms="0" status="PASS">
          <reporter-output>
          </reporter-output>
        </test-method> <!-- tearDown -->
        <test-method signature="loadTryHere1()[pri:4, instance:com.DsAlgo.testcases.DataStructurePageTest@1433046b]" started-at="2022-09-20T17:49:52 CDT" name="loadTryHere1" finished-at="2022-09-20T17:49:57 CDT" duration-ms="5258" status="PASS">
          <reporter-output>
          </reporter-output>
        </test-method> <!-- loadTryHere1 -->
        <test-method is-config="true" signature="tearDown()[pri:0, instance:com.DsAlgo.testcases.DataStructurePageTest@1433046b]" started-at="2022-09-20T17:49:57 CDT" name="tearDown" finished-at="2022-09-20T17:49:57 CDT" duration-ms="2" status="PASS">
          <reporter-output>
          </reporter-output>
        </test-method> <!-- tearDown -->
        <test-method signature="clickonSignout()[pri:5, instance:com.DsAlgo.testcases.DataStructurePageTest@1433046b]" started-at="2022-09-20T17:49:57 CDT" name="clickonSignout" finished-at="2022-09-20T17:49:57 CDT" duration-ms="298" status="PASS">
          <reporter-output>
          </reporter-output>
        </test-method> <!-- clickonSignout -->
        <test-method is-config="true" signature="tearDown()[pri:0, instance:com.DsAlgo.testcases.DataStructurePageTest@1433046b]" started-at="2022-09-20T17:49:57 CDT" name="tearDown" finished-at="2022-09-20T17:49:57 CDT" duration-ms="0" status="PASS">
          <reporter-output>
          </reporter-output>
        </test-method> <!-- tearDown -->
      </class> <!-- com.DsAlgo.testcases.DataStructurePageTest -->
      <class name="com.DsAlgo.testcases.Exceldataprovider">
        <test-method is-config="true" signature="browsersetup()[pri:0, instance:com.DsAlgo.testcases.Exceldataprovider@6b5894c8]" started-at="2022-09-20T17:49:36 CDT" name="browsersetup" finished-at="2022-09-20T17:49:38 CDT" duration-ms="2362" status="PASS">
          <reporter-output>
          </reporter-output>
        </test-method> <!-- browsersetup -->
        <test-method signature="test1(java.lang.String, java.lang.String, java.lang.String)[pri:0, instance:com.DsAlgo.testcases.Exceldataprovider@6b5894c8]" started-at="2022-09-20T17:49:38 CDT" name="test1" data-provider="testdata" finished-at="2022-09-20T17:49:38 CDT" duration-ms="0" status="SKIP">
          <exception class="java.lang.RuntimeException">
            <message>
              <![CDATA[java.lang.NegativeArraySizeException: -1]]>
            </message>
            <full-stacktrace>
              <![CDATA[java.lang.RuntimeException: java.lang.NegativeArraySizeException: -1
at org.testng.internal.MethodInvocationHelper.invokeMethodNoCheckedException(MethodInvocationHelper.java:51)
at org.testng.internal.MethodInvocationHelper.invokeDataProvider(MethodInvocationHelper.java:147)
at org.testng.internal.Parameters.handleParameters(Parameters.java:801)
at org.testng.internal.Parameters.handleParameters(Parameters.java:744)
at org.testng.internal.ParameterHandler.handleParameters(ParameterHandler.java:59)
at org.testng.internal.ParameterHandler.createParameters(ParameterHandler.java:38)
at org.testng.internal.TestInvoker$MethodInvocationAgent.invoke(TestInvoker.java:783)
at org.testng.internal.TestInvoker.invokeTestMethods(TestInvoker.java:146)
at org.testng.internal.TestMethodWorker.invokeTestMethods(TestMethodWorker.java:146)
at org.testng.internal.TestMethodWorker.run(TestMethodWorker.java:128)
at java.base/java.util.ArrayList.forEach(ArrayList.java:1511)
at org.testng.TestRunner.privateRun(TestRunner.java:766)
at org.testng.TestRunner.run(TestRunner.java:587)
at org.testng.SuiteRunner.runTest(SuiteRunner.java:384)
at org.testng.SuiteRunner.runSequentially(SuiteRunner.java:378)
at org.testng.SuiteRunner.privateRun(SuiteRunner.java:337)
at org.testng.SuiteRunner.run(SuiteRunner.java:286)
at org.testng.SuiteRunnerWorker.runSuite(SuiteRunnerWorker.java:53)
at org.testng.SuiteRunnerWorker.run(SuiteRunnerWorker.java:96)
at org.testng.TestNG.runSuitesSequentially(TestNG.java:1187)
at org.testng.TestNG.runSuitesLocally(TestNG.java:1109)
at org.testng.TestNG.runSuites(TestNG.java:1039)
at org.testng.TestNG.run(TestNG.java:1007)
at org.testng.remote.AbstractRemoteTestNG.run(AbstractRemoteTestNG.java:115)
at org.testng.remote.RemoteTestNG.initAndRun(RemoteTestNG.java:251)
at org.testng.remote.RemoteTestNG.main(RemoteTestNG.java:77)
Caused by: java.lang.NegativeArraySizeException: -1
at com.DsAlgo.testcases.Exceldataprovider.testdata(Exceldataprovider.java:69)
at com.DsAlgo.testcases.Exceldataprovider.getData(Exceldataprovider.java:57)
at java.base/jdk.internal.reflect.DirectMethodHandleAccessor.invoke(DirectMethodHandleAccessor.java:104)
at java.base/java.lang.reflect.Method.invoke(Method.java:577)
at org.testng.internal.MethodInvocationHelper.invokeMethod(MethodInvocationHelper.java:134)
at org.testng.internal.MethodInvocationHelper.invokeMethod(MethodInvocationHelper.java:78)
at org.testng.internal.MethodInvocationHelper.invokeMethodNoCheckedException(MethodInvocationHelper.java:47)
... 25 more
]]>
            </full-stacktrace>
          </exception> <!-- java.lang.RuntimeException -->
          <reporter-output>
          </reporter-output>
        </test-method> <!-- test1 -->
        <test-method is-config="true" signature="teardown()[pri:0, instance:com.DsAlgo.testcases.Exceldataprovider@6b5894c8]" started-at="2022-09-20T17:49:38 CDT" name="teardown" finished-at="2022-09-20T17:49:41 CDT" duration-ms="3193" status="PASS">
          <reporter-output>
          </reporter-output>
        </test-method> <!-- teardown -->
      </class> <!-- com.DsAlgo.testcases.Exceldataprovider -->
    </test> <!-- DSAlgo Application Test Cases -->
  </suite> <!-- DSAlgo Application Test Automation Testt Suite -->
</testng-results>
