<?xml version="1.0" encoding="UTF-8"?>
<!-- Generated by org.testng.reporters.JUnitXMLReporter -->
<testsuite ignored="0" hostname="LAVILUCKYLENOVO" failures="1" tests="21" name="Surefire test" time="54.667" errors="0" timestamp="2022-08-20T20:40:59 CDT">
  <testcase classname="com.DsAlgo.testcases.DataStructurePageTest" name="@BeforeClass setUp" time="2.698">
    <failure type="org.openqa.selenium.SessionNotCreatedException" message="Could not start a new session. Response code 500. Message: unknown error: Chrome failed to start: exited normally.
  (unknown error: DevToolsActivePort file doesn&amp;apos;t exist)
  (The process started from chrome location C:\Program Files\Google\Chrome\Application\chrome.exe is no longer running, so ChromeDriver is assuming that Chrome has crashed.)
Build info: version: &amp;apos;4.3.0&amp;apos;, revision: &amp;apos;a4995e2c09*&amp;apos;
System info: host: &amp;apos;LAVILUCKYLENOVO&amp;apos;, ip: &amp;apos;192.168.1.147&amp;apos;, os.name: &amp;apos;Windows 11&amp;apos;, os.arch: &amp;apos;amd64&amp;apos;, os.version: &amp;apos;10.0&amp;apos;, java.version: &amp;apos;18.0.1.1&amp;apos;
Driver info: org.openqa.selenium.chrome.ChromeDriver
Command: [null, newSession {capabilities=[Capabilities {browserName: chrome, goog:chromeOptions: {args: [], extensions: []}}], desiredCapabilities=Capabilities {browserName: chrome, goog:chromeOptions: {args: [], extensions: []}}}]">
      <![CDATA[org.openqa.selenium.SessionNotCreatedException: Could not start a new session. Response code 500. Message: unknown error: Chrome failed to start: exited normally.
  (unknown error: DevToolsActivePort file doesn't exist)
  (The process started from chrome location C:\Program Files\Google\Chrome\Application\chrome.exe is no longer running, so ChromeDriver is assuming that Chrome has crashed.)
Build info: version: '4.3.0', revision: 'a4995e2c09*'
System info: host: 'LAVILUCKYLENOVO', ip: '192.168.1.147', os.name: 'Windows 11', os.arch: 'amd64', os.version: '10.0', java.version: '18.0.1.1'
Driver info: org.openqa.selenium.chrome.ChromeDriver
Command: [null, newSession {capabilities=[Capabilities {browserName: chrome, goog:chromeOptions: {args: [], extensions: []}}], desiredCapabilities=Capabilities {browserName: chrome, goog:chromeOptions: {args: [], extensions: []}}}]
at org.openqa.selenium.remote.ProtocolHandshake.createSession(ProtocolHandshake.java:144)
at org.openqa.selenium.remote.ProtocolHandshake.createSession(ProtocolHandshake.java:102)
at org.openqa.selenium.remote.ProtocolHandshake.createSession(ProtocolHandshake.java:67)
at org.openqa.selenium.remote.HttpCommandExecutor.execute(HttpCommandExecutor.java:156)
at org.openqa.selenium.remote.service.DriverCommandExecutor.invokeExecute(DriverCommandExecutor.java:167)
at org.openqa.selenium.remote.service.DriverCommandExecutor.execute(DriverCommandExecutor.java:142)
at org.openqa.selenium.remote.RemoteWebDriver.execute(RemoteWebDriver.java:569)
at org.openqa.selenium.remote.RemoteWebDriver.startSession(RemoteWebDriver.java:264)
at org.openqa.selenium.remote.RemoteWebDriver.<init>(RemoteWebDriver.java:179)
at org.openqa.selenium.chromium.ChromiumDriver.<init>(ChromiumDriver.java:101)
at org.openqa.selenium.chrome.ChromeDriver.<init>(ChromeDriver.java:81)
at org.openqa.selenium.chrome.ChromeDriver.<init>(ChromeDriver.java:49)
at com.DsAlgo.base.TestBase.initialization(TestBase.java:50)
at com.DsAlgo.testcases.DataStructurePageTest.setUp(DataStructurePageTest.java:34)
at java.base/java.util.ArrayList.forEach(ArrayList.java:1511)
... Removed 28 stack frames]]>
    </failure>
  </testcase> <!-- @BeforeClass setUp -->
  <testcase classname="com.DsAlgo.testcases.DataStructurePageTest" name="@AfterMethod tearDown" time="0.0">
    <skipped/>
  </testcase> <!-- @AfterMethod tearDown -->
  <testcase classname="com.DsAlgo.testcases.DataStructurePageTest" name="@AfterMethod tearDown" time="0.0">
    <skipped/>
  </testcase> <!-- @AfterMethod tearDown -->
  <testcase classname="com.DsAlgo.testcases.DataStructurePageTest" name="@AfterMethod tearDown" time="0.0">
    <skipped/>
  </testcase> <!-- @AfterMethod tearDown -->
  <testcase classname="com.DsAlgo.testcases.DataStructurePageTest" name="@AfterMethod tearDown" time="0.0">
    <skipped/>
  </testcase> <!-- @AfterMethod tearDown -->
  <testcase classname="com.DsAlgo.testcases.DataStructurePageTest" name="@AfterMethod tearDown" time="0.0">
    <skipped/>
  </testcase> <!-- @AfterMethod tearDown -->
  <testcase classname="com.DsAlgo.testcases.DataStructurePageTest" name="GetStarted" time="0.0">
    <skipped/>
  </testcase> <!-- GetStarted -->
  <testcase classname="com.DsAlgo.testcases.DataStructurePageTest" name="TimeComplexity" time="0.0">
    <skipped/>
  </testcase> <!-- TimeComplexity -->
  <testcase classname="com.DsAlgo.testcases.DataStructurePageTest" name="PracticeQuestions" time="0.0">
    <skipped/>
  </testcase> <!-- PracticeQuestions -->
  <testcase classname="com.DsAlgo.testcases.DataStructurePageTest" name="loadTryHere1" time="0.001">
    <skipped/>
  </testcase> <!-- loadTryHere1 -->
  <testcase classname="com.DsAlgo.testcases.DataStructurePageTest" name="clickonSignout" time="0.0">
    <skipped/>
  </testcase> <!-- clickonSignout -->
  <testcase classname="com.DsAlgo.testcases.HomePageTest" name="GetStarted" time="0.331"/>
  <testcase classname="com.DsAlgo.testcases.HomePageTest" name="verifyHomePageTitleTest" time="0.011"/>
  <testcase classname="com.DsAlgo.testcases.LoginPageTest" name="Singin" time="1.103"/>
  <testcase classname="com.DsAlgo.testcases.LoginPageTest" name="takeScreenShotTest" time="0.025">
    <failure type="java.lang.AssertionError" message="expected [ NumpyNinja home page title] but found [Login]">
      <![CDATA[java.lang.AssertionError: expected [ NumpyNinja home page title] but found [Login]
at com.DsAlgo.testcases.LoginPageTest.takeScreenShotTest(LoginPageTest.java:42)
at java.base/java.util.ArrayList.forEach(ArrayList.java:1511)
... Removed 36 stack frames]]>
    </failure>
  </testcase> <!-- takeScreenShotTest -->
  <testcase classname="com.DsAlgo.testcases.LoginPageTest" name="loginPage" time="1.379"/>
  <testcase classname="com.DsAlgo.testcases.QueuePageTest" name="GetStarted" time="0.34"/>
  <testcase classname="com.DsAlgo.testcases.QueuePageTest" name="ImplementationofQueueinPython" time="2.362"/>
  <testcase classname="com.DsAlgo.testcases.QueuePageTest" name="loadTryHere1" time="5.424"/>
  <testcase classname="com.DsAlgo.testcases.QueuePageTest" name="Implementationusingarray" time="6.797"/>
  <testcase classname="com.DsAlgo.testcases.QueuePageTest" name="Implementationusingcollectionsdeque" time="6.797"/>
  <testcase classname="com.DsAlgo.testcases.QueuePageTest" name="QueueOperations" time="6.747"/>
  <testcase classname="com.DsAlgo.testcases.QueuePageTest" name="PracticeQuestions" time="2.234"/>
  <testcase classname="com.DsAlgo.testcases.QueuePageTest" name="clickonSignout" time="0.251"/>
  <testcase classname="com.DsAlgo.testcases.RegisterPageTest" name="getStarted" time="0.793"/>
  <testcase classname="com.DsAlgo.testcases.RegisterPageTest" name="RegisterPage" time="4.501"/>
  <testcase classname="com.DsAlgo.testcases.RegisterPageTest" name="Register2" time="0.073"/>
</testsuite> <!-- Surefire test -->
