<?xml version="1.0" encoding="UTF-8"?>
<!-- Generated by org.testng.reporters.JUnitXMLReporter -->
<testsuite ignored="0" hostname="LAVILUCKYLENOVO" failures="1" tests="18" name="DSAlgo Application Test Cases" time="65.027" errors="0" timestamp="2022-09-20T17:33:34 CDT">
  <testcase classname="com.DsAlgo.testcases.Exceldataprovider" name="test1" time="0.0">
    <skipped/>
  </testcase> <!-- test1 -->
  <testcase classname="com.DsAlgo.testcases.LoginPageTest" name="Singin" time="0.771"/>
  <testcase classname="com.DsAlgo.testcases.LoginPageTest" name="loginPage" time="1.174"/>
  <testcase classname="com.DsAlgo.testcases.HomePageTest" name="verifyHomePageTitleTest" time="0.012">
    <failure type="java.lang.AssertionError" message="Home Page Title not matched expected [ NumpyNinja2] but found [NumpyNinja]">
      <![CDATA[java.lang.AssertionError: Home Page Title not matched expected [ NumpyNinja2] but found [NumpyNinja]
at com.DsAlgo.testcases.HomePageTest.verifyHomePageTitleTest(HomePageTest.java:47)
at java.base/java.util.ArrayList.forEach(ArrayList.java:1511)
... Removed 29 stack frames]]>
    </failure>
  </testcase> <!-- verifyHomePageTitleTest -->
  <testcase classname="com.DsAlgo.testcases.HomePageTest" name="GetStarted" time="0.271"/>
  <testcase classname="com.DsAlgo.testcases.DataStructurePageTest" name="GetStarted" time="0.314"/>
  <testcase classname="com.DsAlgo.testcases.DataStructurePageTest" name="TimeComplexity" time="2.337"/>
  <testcase classname="com.DsAlgo.testcases.DataStructurePageTest" name="PracticeQuestions" time="4.221"/>
  <testcase classname="com.DsAlgo.testcases.DataStructurePageTest" name="loadTryHere1" time="5.717"/>
  <testcase classname="com.DsAlgo.testcases.DataStructurePageTest" name="clickonSignout" time="0.361"/>
  <testcase classname="com.DsAlgo.testcases.QueuePageTest" name="GetStarted" time="0.295"/>
  <testcase classname="com.DsAlgo.testcases.QueuePageTest" name="ImplementationofQueueinPython" time="2.301"/>
  <testcase classname="com.DsAlgo.testcases.QueuePageTest" name="loadTryHere1" time="6.079"/>
  <testcase classname="com.DsAlgo.testcases.QueuePageTest" name="Implementationusingarray" time="6.688"/>
  <testcase classname="com.DsAlgo.testcases.QueuePageTest" name="Implementationusingcollectionsdeque" time="6.701"/>
  <testcase classname="com.DsAlgo.testcases.QueuePageTest" name="QueueOperations" time="6.764"/>
  <testcase classname="com.DsAlgo.testcases.QueuePageTest" name="PracticeQuestions" time="2.224"/>
  <testcase classname="com.DsAlgo.testcases.QueuePageTest" name="clickonSignout" time="0.257"/>
</testsuite> <!-- DSAlgo Application Test Cases -->
